This is pdfTeX, Version 3.14159265-2.6-1.40.21 (TeX Live 2020) (preloaded format=pdflatex 2020.11.7)  22 NOV 2020 06:24
entering extended mode
 restricted \write18 enabled.
 %&-line parsing enabled.
**HW6_tex.tex
(./HW6_tex.tex
LaTeX2e <2020-10-01> patch level 2
L3 programming layer <2020-10-27> xparse <2020-03-03>
(/Users/stuart/Library/TinyTeX/texmf-dist/tex/latex/base/article.cls
Document Class: article 2020/04/10 v1.4m Standard LaTeX document class
(/Users/stuart/Library/TinyTeX/texmf-dist/tex/latex/base/size10.clo
File: size10.clo 2020/04/10 v1.4m Standard LaTeX file (size option)
)
\c@part=\count175
\c@section=\count176
\c@subsection=\count177
\c@subsubsection=\count178
\c@paragraph=\count179
\c@subparagraph=\count180
\c@figure=\count181
\c@table=\count182
\abovecaptionskip=\skip47
\belowcaptionskip=\skip48
\bibindent=\dimen138
)
(/Users/stuart/Library/TinyTeX/texmf-dist/tex/latex/graphics/graphicx.sty
Package: graphicx 2020/09/09 v1.2b Enhanced LaTeX Graphics (DPC,SPQR)

(/Users/stuart/Library/TinyTeX/texmf-dist/tex/latex/graphics/keyval.sty
Package: keyval 2014/10/28 v1.15 key=value parser (DPC)
\KV@toks@=\toks15
)
(/Users/stuart/Library/TinyTeX/texmf-dist/tex/latex/graphics/graphics.sty
Package: graphics 2020/08/30 v1.4c Standard LaTeX Graphics (DPC,SPQR)

(/Users/stuart/Library/TinyTeX/texmf-dist/tex/latex/graphics/trig.sty
Package: trig 2016/01/03 v1.10 sin cos tan (DPC)
)
(/Users/stuart/Library/TinyTeX/texmf-dist/tex/latex/graphics-cfg/graphics.cfg
File: graphics.cfg 2016/06/04 v1.11 sample graphics configuration
)
Package graphics Info: Driver file: pdftex.def on input line 105.

(/Users/stuart/Library/TinyTeX/texmf-dist/tex/latex/graphics-def/pdftex.def
File: pdftex.def 2020/10/05 v1.2a Graphics/color driver for pdftex
))
\Gin@req@height=\dimen139
\Gin@req@width=\dimen140
)
(/Users/stuart/Library/TinyTeX/texmf-dist/tex/latex/graphics/color.sty
Package: color 2020/02/24 v1.2b Standard LaTeX Color (DPC)

(/Users/stuart/Library/TinyTeX/texmf-dist/tex/latex/graphics-cfg/color.cfg
File: color.cfg 2016/01/02 v1.6 sample color configuration
)
Package color Info: Driver file: pdftex.def on input line 147.
)
(/Users/stuart/Library/TinyTeX/texmf-dist/tex/latex/framed/framed.sty
Package: framed 2011/10/22 v 0.96: framed or shaded text with page breaks
\OuterFrameSep=\skip49
\fb@frw=\dimen141
\fb@frh=\dimen142
\FrameRule=\dimen143
\FrameSep=\dimen144
)
(/Users/stuart/Library/TinyTeX/texmf-dist/tex/latex/base/alltt.sty
Package: alltt 1997/06/16 v2.0g defines alltt environment
)
(/Users/stuart/Library/TinyTeX/texmf-dist/tex/latex/l3backend/l3backend-pdftex.
def
File: l3backend-pdftex.def 2020-09-24 L3 backend support: PDF output (pdfTeX)
\l__kernel_color_stack_int=\count183
\l__pdf_internal_box=\box47
) (./HW6_tex.aux)
\openout1 = `HW6_tex.aux'.

LaTeX Font Info:    Checking defaults for OML/cmm/m/it on input line 54.
LaTeX Font Info:    ... okay on input line 54.
LaTeX Font Info:    Checking defaults for OMS/cmsy/m/n on input line 54.
LaTeX Font Info:    ... okay on input line 54.
LaTeX Font Info:    Checking defaults for OT1/cmr/m/n on input line 54.
LaTeX Font Info:    ... okay on input line 54.
LaTeX Font Info:    Checking defaults for T1/cmr/m/n on input line 54.
LaTeX Font Info:    ... okay on input line 54.
LaTeX Font Info:    Checking defaults for TS1/cmr/m/n on input line 54.
LaTeX Font Info:    ... okay on input line 54.
LaTeX Font Info:    Checking defaults for OMX/cmex/m/n on input line 54.
LaTeX Font Info:    ... okay on input line 54.
LaTeX Font Info:    Checking defaults for U/cmr/m/n on input line 54.
LaTeX Font Info:    ... okay on input line 54.

(/Users/stuart/Library/TinyTeX/texmf-dist/tex/latex/epstopdf-pkg/epstopdf-base.
sty
Package: epstopdf-base 2020-01-24 v2.11 Base part for package epstopdf
Package epstopdf-base Info: Redefining graphics rule for `.eps' on input line 4
85.

(/Users/stuart/Library/TinyTeX/texmf-dist/tex/latex/latexconfig/epstopdf-sys.cf
g
File: epstopdf-sys.cfg 2010/07/13 v1.3 Configuration of (r)epstopdf for TeX Liv
e
))
LaTeX Font Info:    External font `cmex10' loaded for size
(Font)              <12> on input line 56.
LaTeX Font Info:    External font `cmex10' loaded for size
(Font)              <8> on input line 56.
LaTeX Font Info:    External font `cmex10' loaded for size
(Font)              <6> on input line 56.


LaTeX Warning: No \author given.

Package color Info: Redefining color shadecolor on input line 62.
LaTeX Font Info:    Font shape `OT1/cmtt/bx/n' in size <10> not available
(Font)              Font shape `OT1/cmtt/m/n' tried instead on input line 64.
LaTeX Font Info:    Trying to load font information for OMS+cmtt on input line 
64.
(/Library/Frameworks/R.framework/Resources/share/texmf/tex/latex/omscmtt.fd
File: omscmtt.fd 
)
LaTeX Font Info:    Font shape `OMS/cmtt/m/n' in size <10> not available
(Font)              Font shape `OMS/cmsy/m/n' tried instead on input line 64.

[1

{/Users/stuart/Library/TinyTeX/texmf-var/fonts/map/pdftex/updmap/pdftex.map}]
Package color Info: Redefining color shadecolor on input line 133.

Overfull \hbox (53.99652pt too wide) in paragraph at lines 161--161
[][]\OT1/cmtt/m/n/10 newton_poly[][]([][]0[][],[] []c[][]([][]5[][],[] []0.0005
[][],[] []605[][],[] []0.0605[][],[] []10600[][],[] []1.06[][],[] []10000[][],[
] []1[][]),[] []eps[][]=[][]0.0001[][])[][] 
 []

[2]
LaTeX Font Info:    External font `cmex10' loaded for size
(Font)              <7> on input line 175.
LaTeX Font Info:    External font `cmex10' loaded for size
(Font)              <5> on input line 175.
Package color Info: Redefining color shadecolor on input line 202.
 [3]
Overfull \hbox (26.27675pt too wide) in paragraph at lines 209--209
[]\OT1/cmtt/m/n/10 ## Warning in int[]abline(a = a, b = b, h = h, v = v, untf =
 untf, ...):
 []

<figure/unnamed-chunk-3-1.pdf, id=24, 505.89pt x 505.89pt>
File: figure/unnamed-chunk-3-1.pdf Graphic file (type pdf)
<use figure/unnamed-chunk-3-1.pdf>
Package pdftex.def Info: figure/unnamed-chunk-3-1.pdf  used on input line 210.
(pdftex.def)             Requested size: 345.0pt x 345.00414pt.

Overfull \hbox (15.0pt too wide) in paragraph at lines 210--211
[][] 
 []


Overfull \hbox (48.74657pt too wide) in paragraph at lines 218--218
[]\OT1/cmtt/m/n/10 ## Warning in optim(-0.85, f): one-dimensional optimization 
by Nelder-Mead
 []


Overfull \hbox (43.49661pt too wide) in paragraph at lines 223--223
[]\OT1/cmtt/m/n/10 ## Warning in optim(-0.7, f): one-dimensional optimization b
y Nelder-Mead
 []


Overfull \hbox (43.49661pt too wide) in paragraph at lines 228--228
[]\OT1/cmtt/m/n/10 ## Warning in optim(-0.3, f): one-dimensional optimization b
y Nelder-Mead
 []


Overfull \hbox (27.74675pt too wide) in paragraph at lines 233--233
[]\OT1/cmtt/m/n/10 ## Warning in optim(0, f): one-dimensional optimization by N
elder-Mead
 []


Overfull \hbox (38.24666pt too wide) in paragraph at lines 238--238
[]\OT1/cmtt/m/n/10 ## Warning in optim(0.3, f): one-dimensional optimization by
 Nelder-Mead
 []


Overfull \hbox (38.24666pt too wide) in paragraph at lines 243--243
[]\OT1/cmtt/m/n/10 ## Warning in optim(0.7, f): one-dimensional optimization by
 Nelder-Mead
 []


Overfull \hbox (43.49661pt too wide) in paragraph at lines 248--248
[]\OT1/cmtt/m/n/10 ## Warning in optim(0.85, f): one-dimensional optimization b
y Nelder-Mead
 []


Overfull \hbox (11.99689pt too wide) in paragraph at lines 254--254
[]\OT1/cmtt/m/n/10 ##  -0.8423204 -0.7068174 -0.2852342 0 0.2852342 0.7068174 0
.8423204[] 
 []

[4 <./figure/unnamed-chunk-3-1.pdf>] [5] (./HW6_tex.aux) ) 
Here is how much of TeX's memory you used:
 1062 strings out of 481433
 17011 string characters out of 5919601
 289827 words of memory out of 5000000
 17842 multiletter control sequences out of 15000+600000
 539064 words of font info for 43 fonts, out of 8000000 for 9000
 14 hyphenation exceptions out of 8191
 66i,6n,72p,326b,315s stack positions out of 5000i,500n,10000p,200000b,80000s
</Users/stuart/Librar
y/TinyTeX/texmf-dist/fonts/type1/public/amsfonts/cm/cmbx12.pfb></Users/stuart/L
ibrary/TinyTeX/texmf-dist/fonts/type1/public/amsfonts/cm/cmitt10.pfb></Users/st
uart/Library/TinyTeX/texmf-dist/fonts/type1/public/amsfonts/cm/cmmi10.pfb></Use
rs/stuart/Library/TinyTeX/texmf-dist/fonts/type1/public/amsfonts/cm/cmmi7.pfb><
/Users/stuart/Library/TinyTeX/texmf-dist/fonts/type1/public/amsfonts/cm/cmr10.p
fb></Users/stuart/Library/TinyTeX/texmf-dist/fonts/type1/public/amsfonts/cm/cmr
12.pfb></Users/stuart/Library/TinyTeX/texmf-dist/fonts/type1/public/amsfonts/cm
/cmr17.pfb></Users/stuart/Library/TinyTeX/texmf-dist/fonts/type1/public/amsfont
s/cm/cmr5.pfb></Users/stuart/Library/TinyTeX/texmf-dist/fonts/type1/public/amsf
onts/cm/cmr7.pfb></Users/stuart/Library/TinyTeX/texmf-dist/fonts/type1/public/a
msfonts/cm/cmsy10.pfb></Users/stuart/Library/TinyTeX/texmf-dist/fonts/type1/pub
lic/amsfonts/cm/cmsy7.pfb></Users/stuart/Library/TinyTeX/texmf-dist/fonts/type1
/public/amsfonts/cm/cmtt10.pfb>
Output written on HW6_tex.pdf (5 pages, 129304 bytes).
PDF statistics:
 74 PDF objects out of 1000 (max. 8388607)
 52 compressed objects within 1 object stream
 0 named destinations out of 1000 (max. 500000)
 6 words of extra memory for PDF output out of 10000 (max. 10000000)

